->: Time = 2023-02-15 - 20:11:46
-->: Authorized : 1
-->: Type = usb_device
-->: Manufacturer = Generic
-->: sys_path = /sys/devices/pci0000:00/0000:00:14.0/usb3/3-5
---
->: Time = 2023-02-15 - 20:11:54
-->: Authorized : 1
-->: Type = usb_interface
-->: Manufacturer = (null)
-->: sys_path = /sys/devices/pci0000:00/0000:00:14.0/usb3/3-5/3-5:1.0
---
->: Time = 2023-02-15 - 20:11:54
-->: Authorized : 0
-->: Type = usb_interface
-->: Manufacturer = (null)
-->: sys_path = /sys/devices/pci0000:00/0000:00:14.0/usb3/3-5/3-5:1.0
---
->: Time = 2023-02-15 - 20:12:34
-->: Authorized : 1
-->: Type = usb_device
-->: Manufacturer = Generic
-->: sys_path = /sys/devices/pci0000:00/0000:00:14.0/usb3/3-5
---
->: Time = 2023-02-15 - 20:12:37
-->: Authorized : 1
-->: Type = usb_interface
-->: Manufacturer = (null)
-->: sys_path = /sys/devices/pci0000:00/0000:00:14.0/usb3/3-5/3-5:1.0
---
->: Time = 2023-02-15 - 20:12:37
-->: Authorized : 0
-->: Type = usb_interface
-->: Manufacturer = (null)
-->: sys_path = /sys/devices/pci0000:00/0000:00:14.0/usb3/3-5/3-5:1.0
---
->: Time = 2023-02-15 - 20:14:22
-->: Authorized : 1
-->: Type = usb_device
-->: Manufacturer = Generic
-->: sys_path = /sys/devices/pci0000:00/0000:00:14.0/usb3/3-5
---
->: Time = 2023-02-15 - 20:14:50
-->: Authorized : 1
-->: Type = usb_interface
-->: Manufacturer = (null)
-->: sys_path = /sys/devices/pci0000:00/0000:00:14.0/usb3/3-5/3-5:1.0
---
->: Time = 2023-02-15 - 20:14:50
-->: Authorized : 0
-->: Type = usb_interface
-->: Manufacturer = (null)
-->: sys_path = /sys/devices/pci0000:00/0000:00:14.0/usb3/3-5/3-5:1.0
---
->: Time = 2023-02-15 - 21:18:45
-->: Authorized : 1
-->: Type = usb_device
-->: Manufacturer = Generic
-->: sys_path = /sys/devices/pci0000:00/0000:00:14.0/usb3/3-5
---
->: Time = 2023-02-15 - 21:18:55
-->: Authorized : 1
-->: Type = usb_device
-->: Manufacturer = Generic
-->: sys_path = /sys/devices/pci0000:00/0000:00:14.0/usb3/3-5
---
->: Time = 2023-02-15 - 21:19:26
-->: Authorized : 1
-->: Type = usb_device
-->: Manufacturer = Generic
-->: sys_path = /sys/devices/pci0000:00/0000:00:14.0/usb3/3-5
---
->: Time = 2023-02-15 - 21:19:26
-->: Authorized : 1
-->: Type = usb_interface
-->: Manufacturer = (null)
-->: sys_path = /sys/devices/pci0000:00/0000:00:14.0/usb3/3-5/3-5:1.0
---
->: Time = 2023-02-15 - 21:19:26
-->: Authorized : 0
-->: Type = usb_interface
-->: Manufacturer = (null)
-->: sys_path = /sys/devices/pci0000:00/0000:00:14.0/usb3/3-5/3-5:1.0
---
->: Time = 2023-02-15 - 21:21:26
-->: Authorized : 1
-->: Type = usb_device
-->: Manufacturer = Generic
-->: sys_path = /sys/devices/pci0000:00/0000:00:14.0/usb3/3-5
---
->: Time = 2023-02-15 - 21:21:29
-->: Authorized : 1
-->: Type = usb_interface
-->: Manufacturer = (null)
-->: sys_path = /sys/devices/pci0000:00/0000:00:14.0/usb3/3-5/3-5:1.0
---
->: Time = 2023-02-15 - 21:21:29
-->: Authorized : 0
-->: Type = usb_interface
-->: Manufacturer = (null)
-->: sys_path = /sys/devices/pci0000:00/0000:00:14.0/usb3/3-5/3-5:1.0
---
->: Time = 2023-02-15 - 21:22:49
-->: Authorized : 1
-->: Type = usb_device
-->: Manufacturer = Generic
-->: sys_path = /sys/devices/pci0000:00/0000:00:14.0/usb3/3-5
---
->: Time = 2023-02-15 - 21:22:51
-->: Authorized : 1
-->: Type = usb_interface
-->: Manufacturer = (null)
-->: sys_path = /sys/devices/pci0000:00/0000:00:14.0/usb3/3-5/3-5:1.0
---
->: Time = 2023-02-15 - 21:22:51
-->: Authorized : 0
-->: Type = usb_interface
-->: Manufacturer = (null)
-->: sys_path = /sys/devices/pci0000:00/0000:00:14.0/usb3/3-5/3-5:1.0
---
->: Time = 2023-02-15 - 21:24:11
-->: Authorized : 1
-->: Type = usb_device
-->: Manufacturer = Generic
-->: sys_path = /sys/devices/pci0000:00/0000:00:14.0/usb3/3-5
---
->: Time = 2023-02-15 - 21:24:13
-->: Authorized : 1
-->: Type = usb_interface
-->: Manufacturer = (null)
-->: sys_path = /sys/devices/pci0000:00/0000:00:14.0/usb3/3-5/3-5:1.0
---
->: Time = 2023-02-15 - 21:29:47
-->: Authorized : 1
-->: Type = usb_device
-->: Manufacturer = Generic
-->: sys_path = /sys/devices/pci0000:00/0000:00:14.0/usb3/3-5
---
->: Time = 2023-02-15 - 21:29:50
-->: Authorized : 1
-->: Type = usb_interface
-->: Manufacturer = (null)
-->: sys_path = /sys/devices/pci0000:00/0000:00:14.0/usb3/3-5/3-5:1.0
---
->: Time = 2023-02-15 - 21:29:50
-->: Authorized : 0
-->: Type = usb_interface
-->: Manufacturer = (null)
-->: sys_path = /sys/devices/pci0000:00/0000:00:14.0/usb3/3-5/3-5:1.0
---
->: Time = 2023-02-15 - 21:42:56
-->: Authorized : 1
-->: Type = usb_device
-->: Manufacturer = Generic
-->: sys_path = /sys/devices/pci0000:00/0000:00:14.0/usb3/3-5
---
->: Time = 2023-02-15 - 21:43:19
-->: Authorized : 1
-->: Type = usb_device
-->: Manufacturer = Generic
-->: sys_path = /sys/devices/pci0000:00/0000:00:14.0/usb3/3-5
---
->: Time = 2023-02-15 - 21:47:48
-->: Authorized : 1
-->: Type = usb_device
-->: Manufacturer = Generic
-->: idVendor : 058f
-->: sys_path = /sys/devices/pci0000:00/0000:00:14.0/usb3/3-5
---
->: Time = 2023-02-15 - 21:48:12
-->: Authorized : 1
-->: Type = usb_device
-->: Manufacturer = XiaoMi
-->: idVendor : 2717
-->: sys_path = /sys/devices/pci0000:00/0000:00:14.0/usb3/3-4
---
->: Time = 2023-02-15 - 21:48:12
-->: Authorized : 1
-->: Type = usb_device
-->: Manufacturer = XiaoMi
-->: idVendor : 2717
-->: sys_path = /sys/devices/pci0000:00/0000:00:14.0/usb3/3-4
---
->: Time = 2023-02-15 - 21:59:59
-->: Authorized : 1
-->: Type = usb_device
-->: Manufacturer = Generic
-->: idVendor : 058f
-->: sys_path = /sys/devices/pci0000:00/0000:00:14.0/usb3/3-5
---
->: Time = 2023-02-15 - 21:59:59
-->: Authorized : 1
-->: Type = usb_device
-->: Manufacturer = Generic
-->: idVendor : 058f
-->: sys_path = /sys/devices/pci0000:00/0000:00:14.0/usb3/3-5
---
->: Time = 2023-02-15 - 22:03:07
-->: Authorized : 1
-->: Type = usb_device
-->: Manufacturer = Generic
-->: idVendor : 058f
-->: sys_path = /sys/devices/pci0000:00/0000:00:14.0/usb3/3-5
---
->: Time = 2023-02-15 - 22:04:36
-->: Authorized : 1
-->: Type = usb_device
-->: Manufacturer = Generic
-->: idVendor : 058f
-->: sys_path = /sys/devices/pci0000:00/0000:00:14.0/usb3/3-5
---
->: Time = 2023-02-15 - 22:09:27
-->: Authorized : 1
-->: Type = usb_device
-->: Manufacturer = Generic
-->: idVendor : 058f
-->: sys_path = /sys/devices/pci0000:00/0000:00:14.0/usb3/3-5
---
->: Time = 2023-02-15 - 22:09:38
-->: Authorized : 1
-->: Type = usb_device
-->: Manufacturer = XiaoMi
-->: idVendor : 2717
-->: sys_path = /sys/devices/pci0000:00/0000:00:14.0/usb3/3-4
---
->: Time = 2023-02-15 - 22:09:45
-->: Authorized : 1
-->: Type = usb_device
-->: Manufacturer = Generic
-->: idVendor : 058f
-->: sys_path = /sys/devices/pci0000:00/0000:00:14.0/usb3/3-5
---
->: Time = 2023-02-15 - 22:09:51
-->: Authorized : 1
-->: Type = usb_device
-->: Manufacturer = XiaoMi
-->: idVendor : 2717
-->: sys_path = /sys/devices/pci0000:00/0000:00:14.0/usb3/3-4
---
->: Time = 2023-02-15 - 22:11:48
-->: Authorized : 1
-->: Type = usb_device
-->: Manufacturer = Generic
-->: idVendor : 058f
-->: sys_path = /sys/devices/pci0000:00/0000:00:14.0/usb3/3-5
---
->: Time = 2023-02-16 - 15:48:28
-->: Authorized : 1
-->: Type = usb_device
-->: Manufacturer = XiaoMi
-->: idVendor : 2717
-->: sys_path = /sys/devices/pci0000:00/0000:00:14.0/usb3/3-4
---
->: Time = 2023-02-16 - 15:48:39
-->: Authorized : 1
-->: Type = usb_device
-->: Manufacturer = XiaoMi
-->: idVendor : 2717
-->: sys_path = /sys/devices/pci0000:00/0000:00:14.0/usb3/3-4
---
